log4j: reset attribute= "false".
log4j: Threshold ="null".
log4j: Retreiving an instance of org.apache.log4j.Logger.
log4j: Setting [com.log4jtest] additivity to [true].
log4j: Level value for com.log4jtest is  [TRACE].
log4j: com.log4jtest level set to TRACE
log4j: Retreiving an instance of org.apache.log4j.Logger.
log4j: Setting [com.log4jtest2] additivity to [true].
log4j: Level value for com.log4jtest2 is  [TRACE].
log4j: com.log4jtest2 level set to TRACE
log4j: Retreiving an instance of org.apache.log4j.Logger.
log4j: Setting [com.log4jcontrol] additivity to [true].
log4j: Level value for com.log4jcontrol is  [TRACE].
log4j: com.log4jcontrol level set to TRACE
log4j: Level value for root is  [info].
log4j: root level set to INFO
log4j: Class name: [org.apache.log4j.ConsoleAppender]
log4j: Parsing layout of class: "org.apache.log4j.PatternLayout"
log4j: Setting property [conversionPattern] to [%d{dd MMM yyyy HH:mm:ss} %5p %c{1} - %m%n].
log4j: Adding appender named [consoleAppender] to category [root].
log4j: Class name: [org.apache.log4j.RollingFileAppender]
log4j: Setting property [append] to [false].
log4j: Setting property [file] to [./tomcat-7.0/logs/logging.log].
log4j: Parsing layout of class: "org.apache.log4j.PatternLayout"
log4j: Setting property [conversionPattern] to [%d{ABSOLUTE} %-5p [%c{1}] %m%n].
log4j: setFile called: ./tomcat-7.0/logs/logging.log, false
log4j: setFile ended
log4j: Adding appender named [fileAppender] to category [root].
09 Jun 2014 11:58:31  INFO AprLifecycleListener - The APR based Apache Tomcat Native library which allows optimal performance in production environments was not found on the java.library.path: /usr/java/packages/lib/amd64:/usr/lib64:/lib64:/lib:/usr/lib
09 Jun 2014 11:58:31  WARN Digester - [SetPropertiesRule]{Server/Service/Engine/Host/Context} Setting property 'source' to 'org.eclipse.jst.jee.server:log4j-control' did not find a matching property.
09 Jun 2014 11:58:31  WARN Digester - [SetPropertiesRule]{Server/Service/Engine/Host/Context} Setting property 'source' to 'org.eclipse.jst.jee.server:log4j-test' did not find a matching property.
09 Jun 2014 11:58:31  WARN Digester - [SetPropertiesRule]{Server/Service/Engine/Host/Context} Setting property 'source' to 'org.eclipse.jst.j2ee.server:log4j-test-2' did not find a matching property.
log4j: System property is :null
log4j: Standard DocumentBuilderFactory search succeded.
log4j: DocumentBuilderFactory is: com.sun.org.apache.xerces.internal.jaxp.DocumentBuilderFactoryImpl
log4j: debug attribute= "true".
log4j: reset attribute= "false".
log4j: Threshold ="null".
log4j: Retreiving an instance of org.apache.log4j.Logger.
log4j: Setting [com.log4jtest] additivity to [true].
log4j: Level value for com.log4jtest is  [TRACE].
log4j: com.log4jtest level set to TRACE
log4j: Retreiving an instance of org.apache.log4j.Logger.
log4j: Setting [com.log4jtest2] additivity to [true].
log4j: Level value for com.log4jtest2 is  [TRACE].
log4j: com.log4jtest2 level set to TRACE
log4j: Retreiving an instance of org.apache.log4j.Logger.
log4j: Setting [com.log4jcontrol] additivity to [true].
log4j: Level value for com.log4jcontrol is  [TRACE].
log4j: com.log4jcontrol level set to TRACE
log4j: Level value for root is  [info].
log4j: root level set to INFO
log4j: Class name: [org.apache.log4j.ConsoleAppender]
log4j: Parsing layout of class: "org.apache.log4j.PatternLayout"
log4j: Setting property [conversionPattern] to [%d{dd MMM yyyy HH:mm:ss} %5p %c{1} - %m%n].
log4j: Adding appender named [consoleAppender] to category [root].
log4j: Class name: [org.apache.log4j.RollingFileAppender]
log4j: Setting property [append] to [false].
log4j: Setting property [file] to [/home/silvaa/dev/source/log4j-customizations/tomcat-7.0/logs/logging.log].
log4j: Parsing layout of class: "org.apache.log4j.PatternLayout"
log4j: Setting property [conversionPattern] to [%d{ABSOLUTE} %-5p [%c{1}] %m%n].
log4j: setFile called: /home/silvaa/dev/source/log4j-customizations/tomcat-7.0/logs/logging.log, false
log4j: setFile ended
log4j: Adding appender named [fileAppender] to category [root].
09 Jun 2014 11:58:31  INFO Http11Protocol - Initializing ProtocolHandler ["http-bio-8080"]
09 Jun 2014 11:58:31  INFO AjpProtocol - Initializing ProtocolHandler ["ajp-bio-8009"]
09 Jun 2014 11:58:31  INFO Catalina - Initialization processed in 739 ms
09 Jun 2014 11:58:31  INFO StandardService - Starting service Catalina
09 Jun 2014 11:58:31  INFO StandardEngine - Starting Servlet Engine: Apache Tomcat/7.0.42
log4j: System property is :null
log4j: Standard DocumentBuilderFactory search succeded.
log4j: DocumentBuilderFactory is: com.sun.org.apache.xerces.internal.jaxp.DocumentBuilderFactoryImpl
log4j: debug attribute= "true".
log4j: reset attribute= "false".
log4j: Threshold ="null".
log4j: Retreiving an instance of org.apache.log4j.Logger.
log4j: Setting [com.log4jtest] additivity to [true].
log4j: Level value for com.log4jtest is  [TRACE].
log4j: com.log4jtest level set to TRACE
log4j: Retreiving an instance of org.apache.log4j.Logger.
log4j: Setting [com.log4jtest2] additivity to [true].
log4j: Level value for com.log4jtest2 is  [TRACE].
log4j: com.log4jtest2 level set to TRACE
log4j: Retreiving an instance of org.apache.log4j.Logger.
log4j: Setting [com.log4jcontrol] additivity to [true].
log4j: Level value for com.log4jcontrol is  [TRACE].
log4j: com.log4jcontrol level set to TRACE
log4j: Level value for root is  [info].
log4j: root level set to INFO
log4j: Class name: [org.apache.log4j.ConsoleAppender]
log4j: Parsing layout of class: "org.apache.log4j.PatternLayout"
log4j: Setting property [conversionPattern] to [%d{dd MMM yyyy HH:mm:ss} %5p %c{1} - %m%n].
log4j: Adding appender named [consoleAppender] to category [root].
log4j: Class name: [org.apache.log4j.RollingFileAppender]
log4j: Setting property [append] to [false].
log4j: Setting property [file] to [/home/silvaa/dev/source/log4j-customizations/tomcat-7.0/logs/logging.log].
log4j: Parsing layout of class: "org.apache.log4j.PatternLayout"
log4j: Setting property [conversionPattern] to [%d{ABSOLUTE} %-5p [%c{1}] %m%n].
log4j: setFile called: /home/silvaa/dev/source/log4j-customizations/tomcat-7.0/logs/logging.log, false
log4j: setFile ended
log4j: Adding appender named [fileAppender] to category [root].
log4j: System property is :null
log4j: Standard DocumentBuilderFactory search succeded.
log4j: DocumentBuilderFactory is: com.sun.org.apache.xerces.internal.jaxp.DocumentBuilderFactoryImpl
log4j: debug attribute= "true".
log4j: reset attribute= "false".
log4j: Threshold ="null".
log4j: Retreiving an instance of org.apache.log4j.Logger.
log4j: Setting [com.log4jtest] additivity to [true].
log4j: Level value for com.log4jtest is  [TRACE].
log4j: com.log4jtest level set to TRACE
log4j: Retreiving an instance of org.apache.log4j.Logger.
log4j: Setting [com.log4jtest2] additivity to [true].
log4j: Level value for com.log4jtest2 is  [TRACE].
log4j: com.log4jtest2 level set to TRACE
log4j: Retreiving an instance of org.apache.log4j.Logger.
log4j: Setting [com.log4jcontrol] additivity to [true].
log4j: Level value for com.log4jcontrol is  [TRACE].
log4j: com.log4jcontrol level set to TRACE
log4j: Level value for root is  [info].
log4j: root level set to INFO
log4j: Class name: [org.apache.log4j.ConsoleAppender]
log4j: Parsing layout of class: "org.apache.log4j.PatternLayout"
log4j: Setting property [conversionPattern] to [%d{dd MMM yyyy HH:mm:ss} %5p %c{1} - %m%n].
log4j: Adding appender named [consoleAppender] to category [root].
log4j: Class name: [org.apache.log4j.RollingFileAppender]
log4j: Setting property [append] to [false].
log4j: Setting property [file] to [/home/silvaa/dev/source/log4j-customizations/tomcat-7.0/logs/logging.log].
log4j: Parsing layout of class: "org.apache.log4j.PatternLayout"
log4j: Setting property [conversionPattern] to [%d{ABSOLUTE} %-5p [%c{1}] %m%n].
log4j: setFile called: /home/silvaa/dev/source/log4j-customizations/tomcat-7.0/logs/logging.log, false
log4j: setFile ended
log4j: Adding appender named [fileAppender] to category [root].
log4j: System property is :null
log4j: Standard DocumentBuilderFactory search succeded.
log4j: DocumentBuilderFactory is: com.sun.org.apache.xerces.internal.jaxp.DocumentBuilderFactoryImpl
log4j: debug attribute= "true".
log4j: reset attribute= "false".
log4j: Threshold ="null".
log4j: Retreiving an instance of org.apache.log4j.Logger.
log4j: Setting [com.log4jtest] additivity to [true].
log4j: Level value for com.log4jtest is  [TRACE].
log4j: com.log4jtest level set to TRACE
log4j: Retreiving an instance of org.apache.log4j.Logger.
log4j: Setting [com.log4jtest2] additivity to [true].
log4j: Level value for com.log4jtest2 is  [TRACE].
log4j: com.log4jtest2 level set to TRACE
log4j: Retreiving an instance of org.apache.log4j.Logger.
log4j: Setting [com.log4jcontrol] additivity to [true].
log4j: Level value for com.log4jcontrol is  [TRACE].
log4j: com.log4jcontrol level set to TRACE
log4j: Level value for root is  [info].
log4j: root level set to INFO
log4j: Class name: [org.apache.log4j.ConsoleAppender]
log4j: Parsing layout of class: "org.apache.log4j.PatternLayout"
log4j: Setting property [conversionPattern] to [%d{dd MMM yyyy HH:mm:ss} %5p %c{1} - %m%n].
log4j: Adding appender named [consoleAppender] to category [root].
log4j: Class name: [org.apache.log4j.RollingFileAppender]
log4j: Setting property [append] to [false].
log4j: Setting property [file] to [/home/silvaa/dev/source/log4j-customizations/tomcat-7.0/logs/logging.log].
log4j: Parsing layout of class: "org.apache.log4j.PatternLayout"
log4j: Setting property [conversionPattern] to [%d{ABSOLUTE} %-5p [%c{1}] %m%n].
log4j: setFile called: /home/silvaa/dev/source/log4j-customizations/tomcat-7.0/logs/logging.log, false
log4j: setFile ended
log4j: Adding appender named [fileAppender] to category [root].
09 Jun 2014 11:58:32  INFO HostConfig - Deploying web application directory /home/silvaa/dev/source/log4j-customizations/tomcat-7.0/webapps/manager
log4j: System property is :null
log4j: Standard DocumentBuilderFactory search succeded.
log4j: DocumentBuilderFactory is: com.sun.org.apache.xerces.internal.jaxp.DocumentBuilderFactoryImpl
log4j: debug attribute= "true".
log4j: reset attribute= "false".
log4j: Threshold ="null".
log4j: Retreiving an instance of org.apache.log4j.Logger.
log4j: Setting [com.log4jtest] additivity to [true].
log4j: Level value for com.log4jtest is  [TRACE].
log4j: com.log4jtest level set to TRACE
log4j: Retreiving an instance of org.apache.log4j.Logger.
log4j: Setting [com.log4jtest2] additivity to [true].
log4j: Level value for com.log4jtest2 is  [TRACE].
log4j: com.log4jtest2 level set to TRACE
log4j: Retreiving an instance of org.apache.log4j.Logger.
log4j: Setting [com.log4jcontrol] additivity to [true].
log4j: Level value for com.log4jcontrol is  [TRACE].
log4j: com.log4jcontrol level set to TRACE
log4j: Level value for root is  [info].
log4j: root level set to INFO
log4j: Class name: [org.apache.log4j.ConsoleAppender]
log4j: Parsing layout of class: "org.apache.log4j.PatternLayout"
log4j: Setting property [conversionPattern] to [%d{dd MMM yyyy HH:mm:ss} %5p %c{1} - %m%n].
log4j: Adding appender named [consoleAppender] to category [root].
log4j: Class name: [org.apache.log4j.RollingFileAppender]
log4j: Setting property [append] to [false].
log4j: Setting property [file] to [/home/silvaa/dev/source/log4j-customizations/tomcat-7.0/logs/logging.log].
log4j: Parsing layout of class: "org.apache.log4j.PatternLayout"
log4j: Setting property [conversionPattern] to [%d{ABSOLUTE} %-5p [%c{1}] %m%n].
log4j: setFile called: /home/silvaa/dev/source/log4j-customizations/tomcat-7.0/logs/logging.log, false
log4j: setFile ended
log4j: Adding appender named [fileAppender] to category [root].
09 Jun 2014 11:58:32  INFO HostConfig - Deploying web application directory /home/silvaa/dev/source/log4j-customizations/tomcat-7.0/webapps/docs
log4j: System property is :null
log4j: Standard DocumentBuilderFactory search succeded.
log4j: DocumentBuilderFactory is: com.sun.org.apache.xerces.internal.jaxp.DocumentBuilderFactoryImpl
log4j: debug attribute= "true".
log4j: reset attribute= "false".
log4j: Threshold ="null".
log4j: Retreiving an instance of org.apache.log4j.Logger.
log4j: Setting [com.log4jtest] additivity to [true].
log4j: Level value for com.log4jtest is  [TRACE].
log4j: com.log4jtest level set to TRACE
log4j: Retreiving an instance of org.apache.log4j.Logger.
log4j: Setting [com.log4jtest2] additivity to [true].
log4j: Level value for com.log4jtest2 is  [TRACE].
log4j: com.log4jtest2 level set to TRACE
log4j: Retreiving an instance of org.apache.log4j.Logger.
log4j: Setting [com.log4jcontrol] additivity to [true].
log4j: Level value for com.log4jcontrol is  [TRACE].
log4j: com.log4jcontrol level set to TRACE
log4j: Level value for root is  [info].
log4j: root level set to INFO
log4j: Class name: [org.apache.log4j.ConsoleAppender]
log4j: Parsing layout of class: "org.apache.log4j.PatternLayout"
log4j: Setting property [conversionPattern] to [%d{dd MMM yyyy HH:mm:ss} %5p %c{1} - %m%n].
log4j: Adding appender named [consoleAppender] to category [root].
log4j: Class name: [org.apache.log4j.RollingFileAppender]
log4j: Setting property [append] to [false].
log4j: Setting property [file] to [/home/silvaa/dev/source/log4j-customizations/tomcat-7.0/logs/logging.log].
log4j: Parsing layout of class: "org.apache.log4j.PatternLayout"
log4j: Setting property [conversionPattern] to [%d{ABSOLUTE} %-5p [%c{1}] %m%n].
log4j: setFile called: /home/silvaa/dev/source/log4j-customizations/tomcat-7.0/logs/logging.log, false
log4j: setFile ended
log4j: Adding appender named [fileAppender] to category [root].
09 Jun 2014 11:58:32  INFO HostConfig - Deploying web application directory /home/silvaa/dev/source/log4j-customizations/tomcat-7.0/webapps/ROOT
log4j: System property is :null
log4j: Standard DocumentBuilderFactory search succeded.
log4j: DocumentBuilderFactory is: com.sun.org.apache.xerces.internal.jaxp.DocumentBuilderFactoryImpl
log4j: debug attribute= "true".
log4j: reset attribute= "false".
log4j: Threshold ="null".
log4j: Retreiving an instance of org.apache.log4j.Logger.
log4j: Setting [com.log4jtest] additivity to [true].
log4j: Level value for com.log4jtest is  [TRACE].
log4j: com.log4jtest level set to TRACE
log4j: Retreiving an instance of org.apache.log4j.Logger.
log4j: Setting [com.log4jtest2] additivity to [true].
log4j: Level value for com.log4jtest2 is  [TRACE].
log4j: com.log4jtest2 level set to TRACE
log4j: Retreiving an instance of org.apache.log4j.Logger.
log4j: Setting [com.log4jcontrol] additivity to [true].
log4j: Level value for com.log4jcontrol is  [TRACE].
log4j: com.log4jcontrol level set to TRACE
log4j: Level value for root is  [info].
log4j: root level set to INFO
log4j: Class name: [org.apache.log4j.ConsoleAppender]
log4j: Parsing layout of class: "org.apache.log4j.PatternLayout"
log4j: Setting property [conversionPattern] to [%d{dd MMM yyyy HH:mm:ss} %5p %c{1} - %m%n].
log4j: Adding appender named [consoleAppender] to category [root].
log4j: Class name: [org.apache.log4j.RollingFileAppender]
log4j: Setting property [append] to [false].
log4j: Setting property [file] to [/home/silvaa/dev/source/log4j-customizations/tomcat-7.0/logs/logging.log].
log4j: Parsing layout of class: "org.apache.log4j.PatternLayout"
log4j: Setting property [conversionPattern] to [%d{ABSOLUTE} %-5p [%c{1}] %m%n].
log4j: setFile called: /home/silvaa/dev/source/log4j-customizations/tomcat-7.0/logs/logging.log, false
log4j: setFile ended
log4j: Adding appender named [fileAppender] to category [root].
09 Jun 2014 11:58:32  INFO HostConfig - Deploying web application directory /home/silvaa/dev/source/log4j-customizations/tomcat-7.0/webapps/examples
log4j: System property is :null
log4j: Standard DocumentBuilderFactory search succeded.
log4j: DocumentBuilderFactory is: com.sun.org.apache.xerces.internal.jaxp.DocumentBuilderFactoryImpl
log4j: debug attribute= "true".
log4j: reset attribute= "false".
log4j: Threshold ="null".
log4j: Retreiving an instance of org.apache.log4j.Logger.
log4j: Setting [com.log4jtest] additivity to [true].
log4j: Level value for com.log4jtest is  [TRACE].
log4j: com.log4jtest level set to TRACE
log4j: Retreiving an instance of org.apache.log4j.Logger.
log4j: Setting [com.log4jtest2] additivity to [true].
log4j: Level value for com.log4jtest2 is  [TRACE].
log4j: com.log4jtest2 level set to TRACE
log4j: Retreiving an instance of org.apache.log4j.Logger.
log4j: Setting [com.log4jcontrol] additivity to [true].
log4j: Level value for com.log4jcontrol is  [TRACE].
log4j: com.log4jcontrol level set to TRACE
log4j: Level value for root is  [info].
log4j: root level set to INFO
log4j: Class name: [org.apache.log4j.ConsoleAppender]
log4j: Parsing layout of class: "org.apache.log4j.PatternLayout"
log4j: Setting property [conversionPattern] to [%d{dd MMM yyyy HH:mm:ss} %5p %c{1} - %m%n].
log4j: Adding appender named [consoleAppender] to category [root].
log4j: Class name: [org.apache.log4j.RollingFileAppender]
log4j: Setting property [append] to [false].
log4j: Setting property [file] to [/home/silvaa/dev/source/log4j-customizations/tomcat-7.0/logs/logging.log].
log4j: Parsing layout of class: "org.apache.log4j.PatternLayout"
log4j: Setting property [conversionPattern] to [%d{ABSOLUTE} %-5p [%c{1}] %m%n].
log4j: setFile called: /home/silvaa/dev/source/log4j-customizations/tomcat-7.0/logs/logging.log, false
log4j: setFile ended
log4j: Adding appender named [fileAppender] to category [root].
09 Jun 2014 11:58:32  INFO [/examples] - ContextListener: contextInitialized()
09 Jun 2014 11:58:32  INFO [/examples] - SessionListener: contextInitialized()
09 Jun 2014 11:58:32  INFO [/examples] - ContextListener: attributeAdded('org.apache.jasper.compiler.TldLocationsCache', 'org.apache.jasper.compiler.TldLocationsCache@7846744d')
09 Jun 2014 11:58:32  INFO HostConfig - Deploying web application directory /home/silvaa/dev/source/log4j-customizations/tomcat-7.0/webapps/host-manager
log4j: System property is :null
log4j: Standard DocumentBuilderFactory search succeded.
log4j: DocumentBuilderFactory is: com.sun.org.apache.xerces.internal.jaxp.DocumentBuilderFactoryImpl
log4j: debug attribute= "true".
log4j: reset attribute= "false".
log4j: Threshold ="null".
log4j: Retreiving an instance of org.apache.log4j.Logger.
log4j: Setting [com.log4jtest] additivity to [true].
log4j: Level value for com.log4jtest is  [TRACE].
log4j: com.log4jtest level set to TRACE
log4j: Retreiving an instance of org.apache.log4j.Logger.
log4j: Setting [com.log4jtest2] additivity to [true].
log4j: Level value for com.log4jtest2 is  [TRACE].
log4j: com.log4jtest2 level set to TRACE
log4j: Retreiving an instance of org.apache.log4j.Logger.
log4j: Setting [com.log4jcontrol] additivity to [true].
log4j: Level value for com.log4jcontrol is  [TRACE].
log4j: com.log4jcontrol level set to TRACE
log4j: Level value for root is  [info].
log4j: root level set to INFO
log4j: Class name: [org.apache.log4j.ConsoleAppender]
log4j: Parsing layout of class: "org.apache.log4j.PatternLayout"
log4j: Setting property [conversionPattern] to [%d{dd MMM yyyy HH:mm:ss} %5p %c{1} - %m%n].
log4j: Adding appender named [consoleAppender] to category [root].
log4j: Class name: [org.apache.log4j.RollingFileAppender]
log4j: Setting property [append] to [false].
log4j: Setting property [file] to [/home/silvaa/dev/source/log4j-customizations/tomcat-7.0/logs/logging.log].
log4j: Parsing layout of class: "org.apache.log4j.PatternLayout"
log4j: Setting property [conversionPattern] to [%d{ABSOLUTE} %-5p [%c{1}] %m%n].
log4j: setFile called: /home/silvaa/dev/source/log4j-customizations/tomcat-7.0/logs/logging.log, false
log4j: setFile ended
log4j: Adding appender named [fileAppender] to category [root].
09 Jun 2014 11:58:32  INFO Http11Protocol - Starting ProtocolHandler ["http-bio-8080"]
09 Jun 2014 11:58:32  INFO AjpProtocol - Starting ProtocolHandler ["ajp-bio-8009"]
09 Jun 2014 11:58:32  INFO Catalina - Server startup in 893 ms
09 Jun 2014 12:22:53  INFO StandardContext - Reloading Context with name [/log4j-test-2] has started
log4j: System property is :null
log4j: Standard DocumentBuilderFactory search succeded.
log4j: DocumentBuilderFactory is: com.sun.org.apache.xerces.internal.jaxp.DocumentBuilderFactoryImpl
log4j: debug attribute= "true".
log4j: reset attribute= "false".
log4j: Threshold ="null".
log4j: Retreiving an instance of org.apache.log4j.Logger.
log4j: Setting [com.log4jtest] additivity to [true].
log4j: Level value for com.log4jtest is  [TRACE].
log4j: com.log4jtest level set to TRACE
log4j: Retreiving an instance of org.apache.log4j.Logger.
log4j: Setting [com.log4jtest2] additivity to [true].
log4j: Level value for com.log4jtest2 is  [TRACE].
log4j: com.log4jtest2 level set to TRACE
log4j: Retreiving an instance of org.apache.log4j.Logger.
log4j: Setting [com.log4jcontrol] additivity to [true].
log4j: Level value for com.log4jcontrol is  [TRACE].
log4j: com.log4jcontrol level set to TRACE
log4j: Level value for root is  [info].
log4j: root level set to INFO
log4j: Class name: [org.apache.log4j.ConsoleAppender]
log4j: Parsing layout of class: "org.apache.log4j.PatternLayout"
log4j: Setting property [conversionPattern] to [%d{dd MMM yyyy HH:mm:ss} %5p %c{1} - %m%n].
log4j: Adding appender named [consoleAppender] to category [root].
log4j: Class name: [org.apache.log4j.RollingFileAppender]
log4j: Setting property [append] to [false].
log4j: Setting property [file] to [/home/silvaa/dev/source/log4j-customizations/tomcat-7.0/logs/logging.log].
log4j: Parsing layout of class: "org.apache.log4j.PatternLayout"
log4j: Setting property [conversionPattern] to [%d{ABSOLUTE} %-5p [%c{1}] %m%n].
log4j: setFile called: /home/silvaa/dev/source/log4j-customizations/tomcat-7.0/logs/logging.log, false
log4j: setFile ended
log4j: Adding appender named [fileAppender] to category [root].
09 Jun 2014 12:22:53  INFO StandardContext - Reloading Context with name [/log4j-test-2] is completed
09 Jun 2014 12:22:53  INFO StandardContext - Reloading Context with name [/log4j-control] has started
log4j: System property is :null
log4j: Standard DocumentBuilderFactory search succeded.
log4j: DocumentBuilderFactory is: com.sun.org.apache.xerces.internal.jaxp.DocumentBuilderFactoryImpl
log4j: debug attribute= "true".
log4j: reset attribute= "false".
log4j: Threshold ="null".
log4j: Retreiving an instance of org.apache.log4j.Logger.
log4j: Setting [com.log4jtest] additivity to [true].
log4j: Level value for com.log4jtest is  [TRACE].
log4j: com.log4jtest level set to TRACE
log4j: Retreiving an instance of org.apache.log4j.Logger.
log4j: Setting [com.log4jtest2] additivity to [true].
log4j: Level value for com.log4jtest2 is  [TRACE].
log4j: com.log4jtest2 level set to TRACE
log4j: Retreiving an instance of org.apache.log4j.Logger.
log4j: Setting [com.log4jcontrol] additivity to [true].
log4j: Level value for com.log4jcontrol is  [TRACE].
log4j: com.log4jcontrol level set to TRACE
log4j: Level value for root is  [info].
log4j: root level set to INFO
log4j: Class name: [org.apache.log4j.ConsoleAppender]
log4j: Parsing layout of class: "org.apache.log4j.PatternLayout"
log4j: Setting property [conversionPattern] to [%d{dd MMM yyyy HH:mm:ss} %5p %c{1} - %m%n].
log4j: Adding appender named [consoleAppender] to category [root].
log4j: Class name: [org.apache.log4j.RollingFileAppender]
log4j: Setting property [append] to [false].
log4j: Setting property [file] to [/home/silvaa/dev/source/log4j-customizations/tomcat-7.0/logs/logging.log].
log4j: Parsing layout of class: "org.apache.log4j.PatternLayout"
log4j: Setting property [conversionPattern] to [%d{ABSOLUTE} %-5p [%c{1}] %m%n].
log4j: setFile called: /home/silvaa/dev/source/log4j-customizations/tomcat-7.0/logs/logging.log, false
log4j: setFile ended
log4j: Adding appender named [fileAppender] to category [root].
09 Jun 2014 12:22:53  INFO StandardContext - Reloading Context with name [/log4j-control] is completed
Error: Could not find or load main class NN
Error: Could not find or load main class LC
09 Jun 2014 12:31:34  INFO StandardContext - Reloading Context with name [/log4j-test-2] has started
log4j: System property is :null
log4j: Standard DocumentBuilderFactory search succeded.
log4j: DocumentBuilderFactory is: com.sun.org.apache.xerces.internal.jaxp.DocumentBuilderFactoryImpl
log4j: debug attribute= "true".
log4j: reset attribute= "false".
log4j: Threshold ="null".
log4j: Retreiving an instance of org.apache.log4j.Logger.
log4j: Setting [com.log4jtest] additivity to [true].
log4j: Level value for com.log4jtest is  [TRACE].
log4j: com.log4jtest level set to TRACE
log4j: Retreiving an instance of org.apache.log4j.Logger.
log4j: Setting [com.log4jtest2] additivity to [true].
log4j: Level value for com.log4jtest2 is  [TRACE].
log4j: com.log4jtest2 level set to TRACE
log4j: Retreiving an instance of org.apache.log4j.Logger.
log4j: Setting [com.log4jcontrol] additivity to [true].
log4j: Level value for com.log4jcontrol is  [TRACE].
log4j: com.log4jcontrol level set to TRACE
log4j: Level value for root is  [info].
log4j: root level set to INFO
log4j: Class name: [org.apache.log4j.ConsoleAppender]
log4j: Parsing layout of class: "org.apache.log4j.PatternLayout"
log4j: Setting property [conversionPattern] to [%d{dd MMM yyyy HH:mm:ss} %5p %c{1} - %m%n].
log4j: Adding appender named [consoleAppender] to category [root].
log4j: Class name: [org.apache.log4j.RollingFileAppender]
log4j: Setting property [append] to [false].
log4j: Setting property [file] to [/home/silvaa/dev/source/log4j-customizations/tomcat-7.0/logs/logging.log].
log4j: Parsing layout of class: "org.apache.log4j.PatternLayout"
log4j: Setting property [conversionPattern] to [%d{ABSOLUTE} %-5p [%c{1}] %m%n].
log4j: setFile called: /home/silvaa/dev/source/log4j-customizations/tomcat-7.0/logs/logging.log, false
log4j: setFile ended
log4j: Adding appender named [fileAppender] to category [root].
09 Jun 2014 12:31:34  INFO StandardContext - Reloading Context with name [/log4j-test-2] is completed
